{
"contracts/ERC1967ProxyHarness.sol":{"l":{},"path":"/workspaces/demo-mwp-accenture-dev/contracts/ERC1967ProxyHarness.sol","s":{},"b":{},"f":{"1":1314},"fnMap":{"1":{"name":"constructor","line":6,"loc":{"start":{"line":6,"column":4},"end":{"line":7,"column":4}}}},"statementMap":{},"branchMap":{}},
"contracts/MakeWorldPeace.sol":{"l":{"22":1314,"23":1314,"24":1314,"25":1314,"26":1314,"28":1314,"30":1314,"31":1314,"32":1314,"36":1,"40":1,"44":6,"45":6,"47":5,"48":4,"52":1389,"58":4,"59":3},"path":"/workspaces/demo-mwp-accenture-dev/contracts/MakeWorldPeace.sol","s":{"1":1314,"2":1314,"3":1314,"4":1314,"5":1314,"6":1314,"7":1,"8":1,"9":6,"10":6,"11":5,"12":1389,"13":4,"14":3},"b":{"1":[1314,3],"2":[1,0],"3":[1,0],"4":[6,0],"5":[6,0],"6":[5,1],"7":[1389,0],"8":[2468,0],"9":[4,0],"10":[3,1]},"f":{"1":2778,"2":1314,"3":1,"4":1,"5":6,"6":1389,"7":2468,"8":4},"fnMap":{"1":{"name":"constructor","line":19,"loc":{"start":{"line":19,"column":4},"end":{"line":19,"column":31}}},"2":{"name":"initialize","line":21,"loc":{"start":{"line":21,"column":4},"end":{"line":33,"column":4}}},"3":{"name":"pause","line":35,"loc":{"start":{"line":35,"column":4},"end":{"line":37,"column":4}}},"4":{"name":"unpause","line":39,"loc":{"start":{"line":39,"column":4},"end":{"line":41,"column":4}}},"5":{"name":"mint","line":43,"loc":{"start":{"line":43,"column":4},"end":{"line":49,"column":4}}},"6":{"name":"_beforeTokenTransfer","line":51,"loc":{"start":{"line":51,"column":4},"end":{"line":53,"column":4}}},"7":{"name":"_authorizeUpgrade","line":55,"loc":{"start":{"line":55,"column":4},"end":{"line":55,"column":87}}},"8":{"name":"burn_supply","line":57,"loc":{"start":{"line":57,"column":4},"end":{"line":60,"column":4}}}},"statementMap":{"1":{"start":{"line":22,"column":8},"end":{"line":22,"column":44}},"2":{"start":{"line":23,"column":8},"end":{"line":23,"column":29}},"3":{"start":{"line":24,"column":8},"end":{"line":24,"column":24}},"4":{"start":{"line":25,"column":8},"end":{"line":25,"column":23}},"5":{"start":{"line":26,"column":8},"end":{"line":26,"column":31}},"6":{"start":{"line":28,"column":8},"end":{"line":28,"column":53}},"7":{"start":{"line":36,"column":8},"end":{"line":36,"column":15}},"8":{"start":{"line":40,"column":8},"end":{"line":40,"column":17}},"9":{"start":{"line":44,"column":8},"end":{"line":44,"column":1634}},"10":{"start":{"line":45,"column":12},"end":{"line":45,"column":116}},"11":{"start":{"line":47,"column":8},"end":{"line":47,"column":24}},"12":{"start":{"line":52,"column":8},"end":{"line":52,"column":51}},"13":{"start":{"line":58,"column":8},"end":{"line":58,"column":133}},"14":{"start":{"line":59,"column":8},"end":{"line":59,"column":19}}},"branchMap":{"1":{"line":21,"type":"if","locations":[{"start":{"line":21,"column":41},"end":{"line":21,"column":41}},{"start":{"line":21,"column":41},"end":{"line":21,"column":41}}]},"2":{"line":35,"type":"if","locations":[{"start":{"line":35,"column":36},"end":{"line":35,"column":36}},{"start":{"line":35,"column":36},"end":{"line":35,"column":36}}]},"3":{"line":39,"type":"if","locations":[{"start":{"line":39,"column":38},"end":{"line":39,"column":38}},{"start":{"line":39,"column":38},"end":{"line":39,"column":38}}]},"4":{"line":43,"type":"if","locations":[{"start":{"line":43,"column":61},"end":{"line":43,"column":61}},{"start":{"line":43,"column":61},"end":{"line":43,"column":61}}]},"5":{"line":44,"type":"if","locations":[{"start":{"line":44,"column":8},"end":{"line":44,"column":8}},{"start":{"line":44,"column":8},"end":{"line":44,"column":8}}]},"6":{"line":45,"type":"if","locations":[{"start":{"line":45,"column":12},"end":{"line":45,"column":12}},{"start":{"line":45,"column":12},"end":{"line":45,"column":12}}]},"7":{"line":51,"type":"if","locations":[{"start":{"line":51,"column":102},"end":{"line":51,"column":102}},{"start":{"line":51,"column":102},"end":{"line":51,"column":102}}]},"8":{"line":55,"type":"if","locations":[{"start":{"line":55,"column":76},"end":{"line":55,"column":76}},{"start":{"line":55,"column":76},"end":{"line":55,"column":76}}]},"9":{"line":57,"type":"if","locations":[{"start":{"line":57,"column":57},"end":{"line":57,"column":57}},{"start":{"line":57,"column":57},"end":{"line":57,"column":57}}]},"10":{"line":58,"type":"if","locations":[{"start":{"line":58,"column":8},"end":{"line":58,"column":8}},{"start":{"line":58,"column":8},"end":{"line":58,"column":8}}]}}},
"contracts/MakeWorldPeaceV2.sol":{"l":{"15":2283,"17":2281,"18":2281,"19":2281,"20":2281,"21":2281,"25":2,"29":2,"33":12,"34":12,"36":10,"37":8,"41":50,"43":50,"48":8,"49":6},"path":"/workspaces/demo-mwp-accenture-dev/contracts/MakeWorldPeaceV2.sol","s":{"1":2283,"2":2281,"3":2281,"4":2281,"5":2281,"6":2,"7":2,"8":12,"9":12,"10":10,"11":50,"12":50,"13":8,"14":6},"b":{"1":[2281,2],"2":[2,0],"3":[2,0],"4":[12,0],"5":[12,0],"6":[10,2],"7":[50,0],"8":[50,0],"9":[8,0],"10":[6,2]},"f":{"1":2283,"2":2,"3":2,"4":12,"5":50,"6":8},"fnMap":{"1":{"name":"upgradeToV2","line":14,"loc":{"start":{"line":14,"column":4},"end":{"line":22,"column":4}}},"2":{"name":"pause","line":24,"loc":{"start":{"line":24,"column":4},"end":{"line":26,"column":4}}},"3":{"name":"unpause","line":28,"loc":{"start":{"line":28,"column":4},"end":{"line":30,"column":4}}},"4":{"name":"mint","line":32,"loc":{"start":{"line":32,"column":4},"end":{"line":38,"column":4}}},"5":{"name":"_beforeTokenTransfer","line":40,"loc":{"start":{"line":40,"column":4},"end":{"line":45,"column":4}}},"6":{"name":"burn_supply","line":47,"loc":{"start":{"line":47,"column":4},"end":{"line":50,"column":4}}}},"statementMap":{"1":{"start":{"line":15,"column":8},"end":{"line":15,"column":144}},"2":{"start":{"line":17,"column":8},"end":{"line":17,"column":49}},"3":{"start":{"line":18,"column":8},"end":{"line":18,"column":42}},"4":{"start":{"line":19,"column":8},"end":{"line":19,"column":42}},"5":{"start":{"line":20,"column":8},"end":{"line":20,"column":42}},"6":{"start":{"line":25,"column":8},"end":{"line":25,"column":15}},"7":{"start":{"line":29,"column":8},"end":{"line":29,"column":17}},"8":{"start":{"line":33,"column":9},"end":{"line":33,"column":1194}},"9":{"start":{"line":34,"column":12},"end":{"line":34,"column":117}},"10":{"start":{"line":36,"column":8},"end":{"line":36,"column":24}},"11":{"start":{"line":41,"column":8},"end":{"line":41,"column":51}},"12":{"start":{"line":43,"column":8},"end":{"line":43,"column":108}},"13":{"start":{"line":48,"column":8},"end":{"line":48,"column":133}},"14":{"start":{"line":49,"column":8},"end":{"line":49,"column":19}}},"branchMap":{"1":{"line":15,"type":"if","locations":[{"start":{"line":15,"column":8},"end":{"line":15,"column":8}},{"start":{"line":15,"column":8},"end":{"line":15,"column":8}}]},"2":{"line":24,"type":"if","locations":[{"start":{"line":24,"column":37},"end":{"line":24,"column":37}},{"start":{"line":24,"column":37},"end":{"line":24,"column":37}}]},"3":{"line":28,"type":"if","locations":[{"start":{"line":28,"column":39},"end":{"line":28,"column":39}},{"start":{"line":28,"column":39},"end":{"line":28,"column":39}}]},"4":{"line":32,"type":"if","locations":[{"start":{"line":32,"column":62},"end":{"line":32,"column":62}},{"start":{"line":32,"column":62},"end":{"line":32,"column":62}}]},"5":{"line":33,"type":"if","locations":[{"start":{"line":33,"column":9},"end":{"line":33,"column":9}},{"start":{"line":33,"column":9},"end":{"line":33,"column":9}}]},"6":{"line":34,"type":"if","locations":[{"start":{"line":34,"column":12},"end":{"line":34,"column":12}},{"start":{"line":34,"column":12},"end":{"line":34,"column":12}}]},"7":{"line":40,"type":"if","locations":[{"start":{"line":40,"column":102},"end":{"line":40,"column":102}},{"start":{"line":40,"column":102},"end":{"line":40,"column":102}}]},"8":{"line":43,"type":"if","locations":[{"start":{"line":43,"column":8},"end":{"line":43,"column":8}},{"start":{"line":43,"column":8},"end":{"line":43,"column":8}}]},"9":{"line":47,"type":"if","locations":[{"start":{"line":47,"column":58},"end":{"line":47,"column":58}},{"start":{"line":47,"column":58},"end":{"line":47,"column":58}}]},"10":{"line":48,"type":"if","locations":[{"start":{"line":48,"column":8},"end":{"line":48,"column":8}},{"start":{"line":48,"column":8},"end":{"line":48,"column":8}}]}}},
"contracts/MakeWorldPeaceV3.sol":{"l":{"10":7,"13":4},"path":"/workspaces/demo-mwp-accenture-dev/contracts/MakeWorldPeaceV3.sol","s":{"1":7,"2":4},"b":{"1":[7,0],"2":[4,0]},"f":{"1":7,"2":4},"fnMap":{"1":{"name":"burn","line":9,"loc":{"start":{"line":9,"column":4},"end":{"line":11,"column":4}}},"2":{"name":"burnFrom","line":12,"loc":{"start":{"line":12,"column":4},"end":{"line":14,"column":4}}}},"statementMap":{"1":{"start":{"line":10,"column":8},"end":{"line":10,"column":25}},"2":{"start":{"line":13,"column":8},"end":{"line":13,"column":38}}},"branchMap":{"1":{"line":9,"type":"if","locations":[{"start":{"line":9,"column":50},"end":{"line":9,"column":50}},{"start":{"line":9,"column":50},"end":{"line":9,"column":50}}]},"2":{"line":12,"type":"if","locations":[{"start":{"line":12,"column":71},"end":{"line":12,"column":71}},{"start":{"line":12,"column":71},"end":{"line":12,"column":71}}]}}}}
