TN:
SF:/workspaces/demo-mwp-accenture-dev/contracts/ERC1967ProxyHarness.sol
FN:6,constructor
FNF:1
FNH:1
FNDA:1314,constructor
LF:0
LH:0
BRF:0
BRH:0
end_of_record
TN:
SF:/workspaces/demo-mwp-accenture-dev/contracts/MakeWorldPeace.sol
FN:19,constructor
FN:21,initialize
FN:35,pause
FN:39,unpause
FN:43,mint
FN:51,_beforeTokenTransfer
FN:55,_authorizeUpgrade
FN:57,burn_supply
FNF:8
FNH:8
FNDA:2778,constructor
FNDA:1314,initialize
FNDA:1,pause
FNDA:1,unpause
FNDA:6,mint
FNDA:1389,_beforeTokenTransfer
FNDA:2468,_authorizeUpgrade
FNDA:4,burn_supply
DA:22,1314
DA:23,1314
DA:24,1314
DA:25,1314
DA:26,1314
DA:28,1314
DA:30,1314
DA:31,1314
DA:32,1314
DA:36,1
DA:40,1
DA:44,6
DA:45,6
DA:47,5
DA:48,4
DA:52,1389
DA:58,4
DA:59,3
LF:18
LH:18
BRDA:21,1,0,1314
BRDA:21,1,1,3
BRDA:35,2,0,1
BRDA:35,2,1,0
BRDA:39,3,0,1
BRDA:39,3,1,0
BRDA:43,4,0,6
BRDA:43,4,1,0
BRDA:44,5,0,6
BRDA:44,5,1,0
BRDA:45,6,0,5
BRDA:45,6,1,1
BRDA:51,7,0,1389
BRDA:51,7,1,0
BRDA:55,8,0,2468
BRDA:55,8,1,0
BRDA:57,9,0,4
BRDA:57,9,1,0
BRDA:58,10,0,3
BRDA:58,10,1,1
BRF:20
BRH:13
end_of_record
TN:
SF:/workspaces/demo-mwp-accenture-dev/contracts/MakeWorldPeaceV2.sol
FN:14,upgradeToV2
FN:24,pause
FN:28,unpause
FN:32,mint
FN:40,_beforeTokenTransfer
FN:47,burn_supply
FNF:6
FNH:6
FNDA:2283,upgradeToV2
FNDA:2,pause
FNDA:2,unpause
FNDA:12,mint
FNDA:50,_beforeTokenTransfer
FNDA:8,burn_supply
DA:15,2283
DA:17,2281
DA:18,2281
DA:19,2281
DA:20,2281
DA:21,2281
DA:25,2
DA:29,2
DA:33,12
DA:34,12
DA:36,10
DA:37,8
DA:41,50
DA:43,50
DA:48,8
DA:49,6
LF:16
LH:16
BRDA:15,1,0,2281
BRDA:15,1,1,2
BRDA:24,2,0,2
BRDA:24,2,1,0
BRDA:28,3,0,2
BRDA:28,3,1,0
BRDA:32,4,0,12
BRDA:32,4,1,0
BRDA:33,5,0,12
BRDA:33,5,1,0
BRDA:34,6,0,10
BRDA:34,6,1,2
BRDA:40,7,0,50
BRDA:40,7,1,0
BRDA:43,8,0,50
BRDA:43,8,1,0
BRDA:47,9,0,8
BRDA:47,9,1,0
BRDA:48,10,0,6
BRDA:48,10,1,2
BRF:20
BRH:13
end_of_record
TN:
SF:/workspaces/demo-mwp-accenture-dev/contracts/MakeWorldPeaceV3.sol
FN:9,burn
FN:12,burnFrom
FNF:2
FNH:2
FNDA:7,burn
FNDA:4,burnFrom
DA:10,7
DA:13,4
LF:2
LH:2
BRDA:9,1,0,7
BRDA:9,1,1,0
BRDA:12,2,0,4
BRDA:12,2,1,0
BRF:4
BRH:2
end_of_record
